
state 0
	$accept: .TOP $end 

	LETRA  shift 3
	.  error

	A  goto 2
	TOP  goto 1

state 1
	$accept:  TOP.$end 

	$end  accept
	.  error


state 2
	TOP:  A.    (1)

	.  reduce 1 (src line 39)


state 3
	A:  LETRA.    (2)
	A:  LETRA.A 

	LETRA  shift 3
	.  reduce 2 (src line 44)

	A  goto 4

state 4
	A:  LETRA A.    (3)

	.  reduce 3 (src line 51)


4 terminals, 3 nonterminals
4 grammar rules, 5/8000 states
0 shift/reduce, 0 reduce/reduce conflicts reported
52 working sets used
memory: parser 2/120000
0 extra closures
2 shift entries, 1 exceptions
3 goto entries
0 entries saved by goto default
Optimizer space used: output 6/120000
6 table entries, 2 zero
maximum spread: 4, maximum offset: 4
